2021-08-24 20:57:57,798 - train - INFO - MLP(
  (embeddings): EmbeddingGenerator()
  (predictor): ModuleList(
    (0): EmbeddingGenerator()
    (1): Sequential(
      (0): Linear(in_features=784, out_features=100, bias=True)
      (1): ReLU()
    )
    (2): Sequential(
      (0): Linear(in_features=100, out_features=100, bias=True)
      (1): ReLU()
    )
    (3): Linear(in_features=100, out_features=10, bias=True)
  )
  (criterion_mixup): BCELoss()
  (criterion_softmax): CrossEntropyLoss()
)
Trainable parameters: 89610
2021-08-24 20:57:57,847 - faiss.loader - INFO - Loading faiss with AVX2 support.
2021-08-24 20:57:57,848 - faiss.loader - INFO - Loading faiss.
2021-08-24 20:58:01,472 - supervised_trainer - INFO -     epoch          : 1
2021-08-24 20:58:01,473 - supervised_trainer - INFO -     loss           : 0.2788569172002651
2021-08-24 20:58:01,473 - supervised_trainer - INFO -     accuracy       : 0.3553703703703704
2021-08-24 20:58:01,473 - supervised_trainer - INFO -     val_loss       : 0.9189673701922099
2021-08-24 20:58:01,473 - supervised_trainer - INFO -     val_accuracy   : 0.7283333333333334
2021-08-24 20:58:01,483 - supervised_trainer - INFO - Saving current best: model_best.pth ...
2021-08-24 20:58:02,036 - supervised_trainer - INFO -     epoch          : 2
2021-08-24 20:58:02,037 - supervised_trainer - INFO -     loss           : 0.20824464824464586
2021-08-24 20:58:02,037 - supervised_trainer - INFO -     accuracy       : 0.4633333333333333
2021-08-24 20:58:02,038 - supervised_trainer - INFO -     val_loss       : 0.5712162892023722
2021-08-24 20:58:02,038 - supervised_trainer - INFO -     val_accuracy   : 0.8733333333333333
2021-08-24 20:58:02,046 - supervised_trainer - INFO - Saving current best: model_best.pth ...
2021-08-24 20:58:02,601 - supervised_trainer - INFO -     epoch          : 3
2021-08-24 20:58:02,602 - supervised_trainer - INFO -     loss           : 0.19355872973247812
2021-08-24 20:58:02,602 - supervised_trainer - INFO -     accuracy       : 0.49648148148148147
2021-08-24 20:58:02,602 - supervised_trainer - INFO -     val_loss       : 0.503704419930776
2021-08-24 20:58:02,602 - supervised_trainer - INFO -     val_accuracy   : 0.8766666666666667
2021-08-24 20:58:02,609 - supervised_trainer - INFO - Saving current best: model_best.pth ...
2021-08-24 20:58:03,168 - supervised_trainer - INFO -     epoch          : 4
2021-08-24 20:58:03,169 - supervised_trainer - INFO -     loss           : 0.18807846285678723
2021-08-24 20:58:03,169 - supervised_trainer - INFO -     accuracy       : 0.49462962962962964
2021-08-24 20:58:03,169 - supervised_trainer - INFO -     val_loss       : 0.47469700972239176
2021-08-24 20:58:03,169 - supervised_trainer - INFO -     val_accuracy   : 0.8916666666666667
2021-08-24 20:58:03,177 - supervised_trainer - INFO - Saving current best: model_best.pth ...
2021-08-24 20:58:03,731 - supervised_trainer - INFO -     epoch          : 5
2021-08-24 20:58:03,732 - supervised_trainer - INFO -     loss           : 0.18543244079307272
2021-08-24 20:58:03,732 - supervised_trainer - INFO -     accuracy       : 0.5111111111111111
2021-08-24 20:58:03,732 - supervised_trainer - INFO -     val_loss       : 0.46626672784487405
2021-08-24 20:58:03,732 - supervised_trainer - INFO -     val_accuracy   : 0.8933333333333333
2021-08-24 20:58:03,739 - supervised_trainer - INFO - Saving current best: model_best.pth ...
2021-08-24 20:58:04,296 - supervised_trainer - INFO -     epoch          : 6
2021-08-24 20:58:04,296 - supervised_trainer - INFO -     loss           : 0.18366552308753684
2021-08-24 20:58:04,296 - supervised_trainer - INFO -     accuracy       : 0.4938888888888889
2021-08-24 20:58:04,296 - supervised_trainer - INFO -     val_loss       : 0.4380940639972687
2021-08-24 20:58:04,297 - supervised_trainer - INFO -     val_accuracy   : 0.9016666666666666
2021-08-24 20:58:04,304 - supervised_trainer - INFO - Saving current best: model_best.pth ...
2021-08-24 20:58:04,866 - supervised_trainer - INFO -     epoch          : 7
2021-08-24 20:58:04,866 - supervised_trainer - INFO -     loss           : 0.1822444748657721
2021-08-24 20:58:04,866 - supervised_trainer - INFO -     accuracy       : 0.5118518518518519
2021-08-24 20:58:04,866 - supervised_trainer - INFO -     val_loss       : 0.4257142527898153
2021-08-24 20:58:04,866 - supervised_trainer - INFO -     val_accuracy   : 0.8966666666666666
2021-08-24 20:58:05,409 - supervised_trainer - INFO -     epoch          : 8
2021-08-24 20:58:05,410 - supervised_trainer - INFO -     loss           : 0.17901183993728073
2021-08-24 20:58:05,410 - supervised_trainer - INFO -     accuracy       : 0.5168518518518519
2021-08-24 20:58:05,410 - supervised_trainer - INFO -     val_loss       : 0.4197152678171794
2021-08-24 20:58:05,410 - supervised_trainer - INFO -     val_accuracy   : 0.9083333333333333
2021-08-24 20:58:05,417 - supervised_trainer - INFO - Saving current best: model_best.pth ...
2021-08-24 20:58:05,959 - supervised_trainer - INFO -     epoch          : 9
2021-08-24 20:58:05,959 - supervised_trainer - INFO -     loss           : 0.17682681999824665
2021-08-24 20:58:05,959 - supervised_trainer - INFO -     accuracy       : 0.5153703703703704
2021-08-24 20:58:05,960 - supervised_trainer - INFO -     val_loss       : 0.41626499851544696
2021-08-24 20:58:05,960 - supervised_trainer - INFO -     val_accuracy   : 0.9066666666666666
2021-08-24 20:58:06,506 - supervised_trainer - INFO -     epoch          : 10
2021-08-24 20:58:06,506 - supervised_trainer - INFO -     loss           : 0.1774415037367079
2021-08-24 20:58:06,506 - supervised_trainer - INFO -     accuracy       : 0.5144444444444445
2021-08-24 20:58:06,506 - supervised_trainer - INFO -     val_loss       : 0.42999919096628825
2021-08-24 20:58:06,506 - supervised_trainer - INFO -     val_accuracy   : 0.9083333333333333
2021-08-24 20:58:06,514 - supervised_trainer - INFO - Saving current best: model_best.pth ...
2021-08-24 20:58:07,054 - supervised_trainer - INFO -     epoch          : 11
2021-08-24 20:58:07,055 - supervised_trainer - INFO -     loss           : 0.1758169561624527
2021-08-24 20:58:07,055 - supervised_trainer - INFO -     accuracy       : 0.5233333333333333
2021-08-24 20:58:07,055 - supervised_trainer - INFO -     val_loss       : 0.4008699953556061
2021-08-24 20:58:07,055 - supervised_trainer - INFO -     val_accuracy   : 0.91
2021-08-24 20:58:07,063 - supervised_trainer - INFO - Saving current best: model_best.pth ...
2021-08-24 20:58:07,598 - supervised_trainer - INFO -     epoch          : 12
2021-08-24 20:58:07,598 - supervised_trainer - INFO -     loss           : 0.1758185206519233
2021-08-24 20:58:07,599 - supervised_trainer - INFO -     accuracy       : 0.5211111111111111
2021-08-24 20:58:07,599 - supervised_trainer - INFO -     val_loss       : 0.3891760675112406
2021-08-24 20:58:07,599 - supervised_trainer - INFO -     val_accuracy   : 0.9133333333333333
2021-08-24 20:58:07,607 - supervised_trainer - INFO - Saving current best: model_best.pth ...
2021-08-24 20:58:08,154 - supervised_trainer - INFO -     epoch          : 13
2021-08-24 20:58:08,155 - supervised_trainer - INFO -     loss           : 0.17278063663729915
2021-08-24 20:58:08,155 - supervised_trainer - INFO -     accuracy       : 0.5142592592592593
2021-08-24 20:58:08,155 - supervised_trainer - INFO -     val_loss       : 0.3793199642499288
2021-08-24 20:58:08,155 - supervised_trainer - INFO -     val_accuracy   : 0.905
2021-08-24 20:58:08,704 - supervised_trainer - INFO -     epoch          : 14
2021-08-24 20:58:08,705 - supervised_trainer - INFO -     loss           : 0.1720326417243039
2021-08-24 20:58:08,705 - supervised_trainer - INFO -     accuracy       : 0.5192592592592593
2021-08-24 20:58:08,705 - supervised_trainer - INFO -     val_loss       : 0.3981084056695302
2021-08-24 20:58:08,705 - supervised_trainer - INFO -     val_accuracy   : 0.9116666666666666
2021-08-24 20:58:09,356 - supervised_trainer - INFO -     epoch          : 15
2021-08-24 20:58:09,357 - supervised_trainer - INFO -     loss           : 0.1700524499239745
2021-08-24 20:58:09,357 - supervised_trainer - INFO -     accuracy       : 0.5161111111111111
2021-08-24 20:58:09,357 - supervised_trainer - INFO -     val_loss       : 0.3695788562297821
2021-08-24 20:58:09,357 - supervised_trainer - INFO -     val_accuracy   : 0.9183333333333333
2021-08-24 20:58:09,365 - supervised_trainer - INFO - Saving current best: model_best.pth ...
2021-08-24 20:58:09,901 - supervised_trainer - INFO -     epoch          : 16
2021-08-24 20:58:09,901 - supervised_trainer - INFO -     loss           : 0.17206294962653407
2021-08-24 20:58:09,901 - supervised_trainer - INFO -     accuracy       : 0.522962962962963
2021-08-24 20:58:09,901 - supervised_trainer - INFO -     val_loss       : 0.3689586051305135
2021-08-24 20:58:09,902 - supervised_trainer - INFO -     val_accuracy   : 0.9183333333333333
2021-08-24 20:58:09,909 - supervised_trainer - INFO - Saving current best: model_best.pth ...
2021-08-24 20:58:10,452 - supervised_trainer - INFO -     epoch          : 17
2021-08-24 20:58:10,452 - supervised_trainer - INFO -     loss           : 0.1696053315533532
2021-08-24 20:58:10,452 - supervised_trainer - INFO -     accuracy       : 0.5301851851851852
2021-08-24 20:58:10,452 - supervised_trainer - INFO -     val_loss       : 0.3602573855717977
2021-08-24 20:58:10,453 - supervised_trainer - INFO -     val_accuracy   : 0.9183333333333333
2021-08-24 20:58:10,460 - supervised_trainer - INFO - Saving current best: model_best.pth ...
2021-08-24 20:58:10,999 - supervised_trainer - INFO -     epoch          : 18
2021-08-24 20:58:11,000 - supervised_trainer - INFO -     loss           : 0.1682582034446575
2021-08-24 20:58:11,000 - supervised_trainer - INFO -     accuracy       : 0.5285185185185185
2021-08-24 20:58:11,000 - supervised_trainer - INFO -     val_loss       : 0.3594309405485789
2021-08-24 20:58:11,000 - supervised_trainer - INFO -     val_accuracy   : 0.9183333333333333
2021-08-24 20:58:11,008 - supervised_trainer - INFO - Saving current best: model_best.pth ...
2021-08-24 20:58:11,556 - supervised_trainer - INFO -     epoch          : 19
2021-08-24 20:58:11,557 - supervised_trainer - INFO -     loss           : 0.16794522826318387
2021-08-24 20:58:11,557 - supervised_trainer - INFO -     accuracy       : 0.5412962962962963
2021-08-24 20:58:11,557 - supervised_trainer - INFO -     val_loss       : 0.35885061462720236
2021-08-24 20:58:11,557 - supervised_trainer - INFO -     val_accuracy   : 0.9266666666666666
2021-08-24 20:58:11,565 - supervised_trainer - INFO - Saving current best: model_best.pth ...
2021-08-24 20:58:12,139 - supervised_trainer - INFO -     epoch          : 20
2021-08-24 20:58:12,139 - supervised_trainer - INFO -     loss           : 0.16674123920776227
2021-08-24 20:58:12,140 - supervised_trainer - INFO -     accuracy       : 0.5187037037037037
2021-08-24 20:58:12,140 - supervised_trainer - INFO -     val_loss       : 0.35086302359898885
2021-08-24 20:58:12,140 - supervised_trainer - INFO -     val_accuracy   : 0.9233333333333333
2021-08-24 20:58:12,679 - supervised_trainer - INFO -     epoch          : 21
2021-08-24 20:58:12,679 - supervised_trainer - INFO -     loss           : 0.16809798278190471
2021-08-24 20:58:12,680 - supervised_trainer - INFO -     accuracy       : 0.5183333333333333
2021-08-24 20:58:12,680 - supervised_trainer - INFO -     val_loss       : 0.35385882973670957
2021-08-24 20:58:12,680 - supervised_trainer - INFO -     val_accuracy   : 0.9316666666666666
2021-08-24 20:58:12,687 - supervised_trainer - INFO - Saving current best: model_best.pth ...
2021-08-24 20:58:13,236 - supervised_trainer - INFO -     epoch          : 22
2021-08-24 20:58:13,237 - supervised_trainer - INFO -     loss           : 0.1659492454043141
2021-08-24 20:58:13,237 - supervised_trainer - INFO -     accuracy       : 0.5227777777777778
2021-08-24 20:58:13,237 - supervised_trainer - INFO -     val_loss       : 0.3370044179757436
2021-08-24 20:58:13,237 - supervised_trainer - INFO -     val_accuracy   : 0.925
2021-08-24 20:58:13,772 - supervised_trainer - INFO -     epoch          : 23
2021-08-24 20:58:13,773 - supervised_trainer - INFO -     loss           : 0.16315414077705806
2021-08-24 20:58:13,773 - supervised_trainer - INFO -     accuracy       : 0.5396296296296297
2021-08-24 20:58:13,773 - supervised_trainer - INFO -     val_loss       : 0.343443531592687
2021-08-24 20:58:13,773 - supervised_trainer - INFO -     val_accuracy   : 0.9266666666666666
2021-08-24 20:58:14,310 - supervised_trainer - INFO -     epoch          : 24
2021-08-24 20:58:14,311 - supervised_trainer - INFO -     loss           : 0.1636542304136135
2021-08-24 20:58:14,311 - supervised_trainer - INFO -     accuracy       : 0.5251851851851852
2021-08-24 20:58:14,311 - supervised_trainer - INFO -     val_loss       : 0.36036907593409223
2021-08-24 20:58:14,311 - supervised_trainer - INFO -     val_accuracy   : 0.9183333333333333
2021-08-24 20:58:14,852 - supervised_trainer - INFO -     epoch          : 25
2021-08-24 20:58:14,852 - supervised_trainer - INFO -     loss           : 0.1633673288204052
2021-08-24 20:58:14,852 - supervised_trainer - INFO -     accuracy       : 0.5285185185185185
2021-08-24 20:58:14,852 - supervised_trainer - INFO -     val_loss       : 0.32987582763036094
2021-08-24 20:58:14,852 - supervised_trainer - INFO -     val_accuracy   : 0.9283333333333333
2021-08-24 20:58:15,396 - supervised_trainer - INFO -     epoch          : 26
2021-08-24 20:58:15,396 - supervised_trainer - INFO -     loss           : 0.16310717927085028
2021-08-24 20:58:15,396 - supervised_trainer - INFO -     accuracy       : 0.5201851851851852
2021-08-24 20:58:15,396 - supervised_trainer - INFO -     val_loss       : 0.32735697944959
2021-08-24 20:58:15,396 - supervised_trainer - INFO -     val_accuracy   : 0.9233333333333333
2021-08-24 20:58:15,938 - supervised_trainer - INFO -     epoch          : 27
2021-08-24 20:58:15,938 - supervised_trainer - INFO -     loss           : 0.16202086954205125
2021-08-24 20:58:15,938 - supervised_trainer - INFO -     accuracy       : 0.5320370370370371
2021-08-24 20:58:15,938 - supervised_trainer - INFO -     val_loss       : 0.3205323878924052
2021-08-24 20:58:15,939 - supervised_trainer - INFO -     val_accuracy   : 0.935
2021-08-24 20:58:15,946 - supervised_trainer - INFO - Saving current best: model_best.pth ...
2021-08-24 20:58:16,478 - supervised_trainer - INFO -     epoch          : 28
2021-08-24 20:58:16,479 - supervised_trainer - INFO -     loss           : 0.16098731226391264
2021-08-24 20:58:16,479 - supervised_trainer - INFO -     accuracy       : 0.522962962962963
2021-08-24 20:58:16,479 - supervised_trainer - INFO -     val_loss       : 0.32252442916234336
2021-08-24 20:58:16,479 - supervised_trainer - INFO -     val_accuracy   : 0.93
2021-08-24 20:58:17,014 - supervised_trainer - INFO -     epoch          : 29
2021-08-24 20:58:17,014 - supervised_trainer - INFO -     loss           : 0.15993028596595482
2021-08-24 20:58:17,014 - supervised_trainer - INFO -     accuracy       : 0.5351851851851852
2021-08-24 20:58:17,014 - supervised_trainer - INFO -     val_loss       : 0.32841869235038756
2021-08-24 20:58:17,014 - supervised_trainer - INFO -     val_accuracy   : 0.9266666666666666
